<?xml version="1.0" encoding="UTF-8"?>
<!-- Generated by org.testng.reporters.JUnitReportReporter -->
<testsuite skipped="0" hostname="Ranjiths-Mac.local" name="demo.sauce.lab.SauceLab_Test" tests="1" failures="0" timestamp="29 Sep 2018 06:25:00 GMT" time="17.933" errors="0">
  <testcase name="Sauce_Test" time="17.933" classname="demo.sauce.lab.SauceLab_Test"/>
</testsuite> <!-- demo.sauce.lab.SauceLab_Test -->
